<?xml version="1.0" encoding="UTF-8"?>
<robot generator="Robot 5.0.1 (Python 3.10.4 on win32)" generated="20220525 13:50:51.882" rpa="false" schemaversion="3">
<suite id="s1" name="TC CNSH MP 001" source="C:\Users\amanzhanov\Projects\Robotframework\test_project_eshop\TS_CNSH_001\TC_CNSH_MP_001.robot">
<test id="s1-t1" name="Pre-conditions" line="6">
<kw name="Open Browser" library="SeleniumLibrary">
<arg>${url}</arg>
<arg>${browser}</arg>
<doc>Opens a new browser instance to the optional ``url``.</doc>
<msg timestamp="20220525 13:50:52.450" level="INFO">Opening browser 'chrome' to base url 'http://uiautomation.domain.local/'.</msg>
<status status="PASS" starttime="20220525 13:50:52.450" endtime="20220525 13:50:54.832"/>
</kw>
<kw name="Maximize Browser Window" library="SeleniumLibrary">
<doc>Maximizes current browser window.</doc>
<status status="PASS" starttime="20220525 13:50:54.832" endtime="20220525 13:50:54.981"/>
</kw>
<kw name="Set Selenium Speed" library="SeleniumLibrary">
<arg>0.5s</arg>
<doc>Sets the delay that is waited after each Selenium command.</doc>
<status status="PASS" starttime="20220525 13:50:54.982" endtime="20220525 13:50:54.982"/>
</kw>
<status status="PASS" starttime="20220525 13:50:52.443" endtime="20220525 13:50:54.983"/>
</test>
<test id="s1-t2" name="Test The Top Part Of The Web Site" line="11">
<kw name="clickOnStoreButton">
<kw name="Click Link" library="SeleniumLibrary">
<arg>(//A[@href='http://uiautomation.domain.local/store/'][text()='Store'])[1]</arg>
<doc>Clicks a link identified by ``locator``.</doc>
<msg timestamp="20220525 13:50:54.986" level="INFO">Clicking link '(//A[@href='http://uiautomation.domain.local/store/'][text()='Store'])[1]'.</msg>
<status status="PASS" starttime="20220525 13:50:54.986" endtime="20220525 13:50:57.250"/>
</kw>
<kw name="Sleep" library="BuiltIn">
<arg>5s</arg>
<doc>Pauses the test executed for the given time.</doc>
<msg timestamp="20220525 13:51:02.258" level="INFO">Slept 5 seconds</msg>
<status status="PASS" starttime="20220525 13:50:57.250" endtime="20220525 13:51:02.258"/>
</kw>
<status status="PASS" starttime="20220525 13:50:54.985" endtime="20220525 13:51:02.258"/>
</kw>
<status status="PASS" starttime="20220525 13:50:54.985" endtime="20220525 13:51:02.258"/>
</test>
<test id="s1-t3" name="Post-conditions" line="14">
<kw name="Delete All Cookies" library="SeleniumLibrary">
<doc>Deletes all cookies.</doc>
<status status="PASS" starttime="20220525 13:51:02.261" endtime="20220525 13:51:02.769"/>
</kw>
<kw name="Close Browser" library="SeleniumLibrary">
<doc>Closes the current browser.</doc>
<status status="PASS" starttime="20220525 13:51:02.769" endtime="20220525 13:51:05.337"/>
</kw>
<status status="PASS" starttime="20220525 13:51:02.260" endtime="20220525 13:51:05.337"/>
</test>
<status status="PASS" starttime="20220525 13:50:51.882" endtime="20220525 13:51:05.340"/>
</suite>
<statistics>
<total>
<stat pass="3" fail="0" skip="0">All Tests</stat>
</total>
<tag>
</tag>
<suite>
<stat pass="3" fail="0" skip="0" id="s1" name="TC CNSH MP 001">TC CNSH MP 001</stat>
</suite>
</statistics>
<errors>
</errors>
</robot>
