<?xml version="1.0" encoding="UTF-8"?>
<robot generator="Robot 5.0.1 (Python 3.10.4 on win32)" generated="20220525 16:23:56.682" rpa="false" schemaversion="3">
<suite id="s1" name="TC CNSH MP 003" source="C:\Users\amanzhanov\Projects\Robotframework\test_project_eshop\TS_CNSH_001\TC_CNSH_MP_003.robot">
<test id="s1-t1" name="Pre-conditions" line="6">
<kw name="Open Browser" library="SeleniumLibrary">
<arg>${url}</arg>
<arg>${browser}</arg>
<doc>Opens a new browser instance to the optional ``url``.</doc>
<msg timestamp="20220525 16:23:56.861" level="INFO">Opening browser 'chrome' to base url 'http://uiautomation.domain.local/'.</msg>
<status status="PASS" starttime="20220525 16:23:56.861" endtime="20220525 16:23:59.154"/>
</kw>
<kw name="Maximize Browser Window" library="SeleniumLibrary">
<doc>Maximizes current browser window.</doc>
<status status="PASS" starttime="20220525 16:23:59.154" endtime="20220525 16:23:59.318"/>
</kw>
<kw name="Set Selenium Speed" library="SeleniumLibrary">
<arg>0.5s</arg>
<doc>Sets the delay that is waited after each Selenium command.</doc>
<status status="PASS" starttime="20220525 16:23:59.318" endtime="20220525 16:23:59.320"/>
</kw>
<status status="PASS" starttime="20220525 16:23:56.857" endtime="20220525 16:23:59.320"/>
</test>
<test id="s1-t2" name="Test The Main Page Of Store" line="11">
<kw name="hoverMouseOnTheBucketIcon">
<kw name="Page Should Contain Element" library="SeleniumLibrary">
<arg>${bucketLogo}</arg>
<doc>Verifies that element ``locator`` is found on the current page.</doc>
<msg timestamp="20220525 16:23:59.923" level="INFO">Current page contains element '//*[@id="ast-site-header-cart"]/div[1]/a/div'.</msg>
<status status="PASS" starttime="20220525 16:23:59.325" endtime="20220525 16:23:59.923"/>
</kw>
<kw name="Sleep" library="BuiltIn">
<arg>1s</arg>
<doc>Pauses the test executed for the given time.</doc>
<msg timestamp="20220525 16:24:00.929" level="INFO">Slept 1 second</msg>
<status status="PASS" starttime="20220525 16:23:59.923" endtime="20220525 16:24:00.929"/>
</kw>
<status status="PASS" starttime="20220525 16:23:59.324" endtime="20220525 16:24:00.929"/>
</kw>
<status status="PASS" starttime="20220525 16:23:59.322" endtime="20220525 16:24:00.929"/>
</test>
<test id="s1-t3" name="Post-conditions" line="14">
<kw name="Delete All Cookies" library="SeleniumLibrary">
<doc>Deletes all cookies.</doc>
<status status="PASS" starttime="20220525 16:24:00.932" endtime="20220525 16:24:01.448"/>
</kw>
<kw name="Close Browser" library="SeleniumLibrary">
<doc>Closes the current browser.</doc>
<status status="PASS" starttime="20220525 16:24:01.448" endtime="20220525 16:24:04.005"/>
</kw>
<status status="PASS" starttime="20220525 16:24:00.932" endtime="20220525 16:24:04.005"/>
</test>
<status status="PASS" starttime="20220525 16:23:56.682" endtime="20220525 16:24:04.008"/>
</suite>
<statistics>
<total>
<stat pass="3" fail="0" skip="0">All Tests</stat>
</total>
<tag>
</tag>
<suite>
<stat pass="3" fail="0" skip="0" id="s1" name="TC CNSH MP 003">TC CNSH MP 003</stat>
</suite>
</statistics>
<errors>
</errors>
</robot>
